<?xml version="1.0" encoding="UTF-8"?>
<!-- Generated by org.testng.reporters.JUnitReportReporter -->
<testsuite hostname="DESKTOP-5BS10NK" failures="0" tests="2" name="com.project.Project2" time="7.220" errors="0" timestamp="2024-05-03T22:03:30 IST" skipped="0">
  <testcase classname="com.project.Project2" name="brokenLink" time="7.218"/>
  <system-out/>
  <testcase classname="com.project.Project2" name="sysout" time="0.002"/>
  <system-out/>
</testsuite> <!-- com.project.Project2 -->
