<?xml version="1.0" encoding="UTF-8"?>
<!-- Generated by org.testng.reporters.JUnitReportReporter -->
<testsuite hostname="DESKTOP-5BS10NK" failures="0" tests="1" name="com.project.Project3" time="6.994" errors="0" timestamp="2024-05-03T22:03:30 IST" skipped="0">
  <testcase classname="com.project.Project3" name="firefox" time="6.994"/>
  <system-out/>
</testsuite> <!-- com.project.Project3 -->
